<?xml version="1.0" encoding="UTF-8"?>
<testng-results ignored="0" total="1" passed="1" failed="0" skipped="0">
  <reporter-output>
  </reporter-output>
  <suite started-at="2024-07-02T17:15:11 IST" name="Default suite" finished-at="2024-07-02T17:15:15 IST" duration-ms="4539">
    <groups>
      <group name="cucumber">
        <method signature="AbstractTestNGCucumberTests.runScenario(io.cucumber.testng.PickleWrapper,io.cucumber.testng.FeatureWrapper)[pri:0, instance:com.bdd_ecommerce.Runnerclass.TestNGTestRunner@368f2016]" name="runScenario" class="io.cucumber.testng.AbstractTestNGCucumberTests"/>
      </group> <!-- cucumber -->
    </groups>
    <test started-at="2024-07-02T17:15:11 IST" name="Default test" finished-at="2024-07-02T17:15:15 IST" duration-ms="4539">
      <class name="com.bdd_ecommerce.Runnerclass.TestNGTestRunner">
        <test-method is-config="true" signature="setUpClass(org.testng.ITestContext)[pri:0, instance:com.bdd_ecommerce.Runnerclass.TestNGTestRunner@368f2016]" started-at="2024-07-02T17:15:11 IST" name="setUpClass" finished-at="2024-07-02T17:15:11 IST" duration-ms="554" status="PASS">
          <params>
            <param index="0">
              <value>
                <![CDATA[org.testng.TestRunner@60b71e8f]]>
              </value>
            </param>
          </params>
          <reporter-output>
          </reporter-output>
        </test-method> <!-- setUpClass -->
        <test-method signature="runScenario(io.cucumber.testng.PickleWrapper,io.cucumber.testng.FeatureWrapper)[pri:0, instance:com.bdd_ecommerce.Runnerclass.TestNGTestRunner@368f2016]" started-at="2024-07-02T17:15:11 IST" name="runScenario" description="Runs Cucumber Scenarios" data-provider="scenarios" finished-at="2024-07-02T17:15:15 IST" duration-ms="3897" status="PASS">
          <params>
            <param index="0">
              <value>
                <![CDATA["Title of your scenario outline"]]>
              </value>
            </param>
            <param index="1">
              <value>
                <![CDATA["Optional[Error validation]"]]>
              </value>
            </param>
          </params>
          <reporter-output>
          </reporter-output>
        </test-method> <!-- runScenario -->
        <test-method is-config="true" signature="tearDownClass()[pri:0, instance:com.bdd_ecommerce.Runnerclass.TestNGTestRunner@368f2016]" started-at="2024-07-02T17:15:15 IST" name="tearDownClass" finished-at="2024-07-02T17:15:15 IST" duration-ms="48" status="PASS">
          <reporter-output>
          </reporter-output>
        </test-method> <!-- tearDownClass -->
      </class> <!-- com.bdd_ecommerce.Runnerclass.TestNGTestRunner -->
    </test> <!-- Default test -->
  </suite> <!-- Default suite -->
</testng-results>
